C:\CN52\SMPL.EXE                              
C:\CN2\IR\SYSTEM.DEV                          
C:\CN2\IR\BARCO.DEV                           
C:\CURRENT\L1479\SMPL1\L1479A1.BIN            
C:\CURRENT\L1479\SMPL1\L1479A1.SIG            
C:\CURRENT\L1479\SMPL1\L1479A1.SMP            
C:\CURRENT\L1479\SMPL1\L1479A1.CN2            
C:\CURRENT\L1479\SMPL1\L1479A1.BK2            
C:\CURRENT\L1479\SMPL1\L1479A1.LOG            
C:\CN2\MACRO\PASSME.IMC                       
C:\CN2\MACRO\TIMEFADE.IMC                     
C:\CN2\MACRO\OOSB.IMC                         
C:\CN2\MACRO\NEWLITE3.IMC                     
C:\CN2\MACRO\TIMEFADE.IMC                     
C:\CN2\MACRO\OOSB.IMC                         
C:\CN2\MACRO\NEWLITE3.IMC                     
C:\CN2\MACRO\TIMEFADE.IMC                     
C:\CN2\MACRO\OOSB.IMC                         
C:\CN2\MACRO\NEWLITE3.IMC                     
C:\CN2\MACRO\TIMEFADE.IMC                     
C:\CN2\MACRO\OOSB.IMC                         
C:\CN2\MACRO\NEWLITE3.IMC                     
C:\CN2\MACRO\TIMEFADE.IMC                     
C:\CN2\MACRO\OOSB.IMC                         
C:\CN2\MACRO\NEWLITE3.IMC                     
C:\CN2\MACRO\TIMEFADE.IMC                     
C:\CN2\MACRO\OOSB.IMC                         
C:\CN2\MACRO\NEWLITE3.IMC                     
C:\CN2\MACRO\NEWLITE6.IMC                     
C:\CN2\MACRO\TIMEFADE.IMC                     
C:\CN2\MACRO\OOSB.IMC                         
C:\CN2\MACRO\NEWLITE3.IMC                     
C:\CN2\MACRO\NEWLITE6.IMC                     
