C:\CN524\SMPL.EXE                             
C:\CN2\IR\SYSTEM.DEV                          
C:\CN2\IR\BARCO.DEV                           
C:\CURRENT\L1479\SMPL6\L1479-6A.BIN           
C:\CURRENT\L1479\SMPL6\L1479-6A.SIG           
C:\CURRENT\L1479\SMPL6\L1479-6A.SMP           
C:\CURRENT\L1479\SMPL6\L1479-6A.CN2           
C:\CURRENT\L1479\SMPL6\L1479-6A.BK2           
C:\CURRENT\L1479\SMPL6\L1479-6A.LOG           
C:\CN2\MACRO\PASSME.IMC                       
C:\CN2\MACRO\SBF.IMC                          
C:\CN2\MACRO\TIMEFADE.IMC                     
C:\CN2\MACRO\OOSB.IMC                         
C:\CN2\MACRO\NEWLITE3.IMC                     
C:\CN2\MACRO\SBF.IMC                          
C:\CN2\MACRO\TIMEFADE.IMC                     
C:\CN2\MACRO\OOSB.IMC                         
C:\CN2\MACRO\NEWLITE6.IMC                     
C:\CN2\MACRO\SBF.IMC                          
C:\CN2\MACRO\TIMEFADE.IMC                     
C:\CN2\MACRO\OOSB.IMC                         
C:\CN2\MACRO\NEWLITE3.IMC                     
C:\CN2\MACRO\CNESR.IMC                        
