C:\CN2\SMPL.EXE                               
C:\CN2\IR\SYSTEM.DEV                          
C:\CN2\IR\BARCO.DEV                           
C:\CURRENT\L1479\SMPL7\L1479-7D.SMP           
C:\CURRENT\L1479\SMPL7\L1479-7D.CN2           
C:\CN2\MACRO\PASSME.IMC                       
C:\CN2\MACRO\SBF.IMC                          
C:\CN2\MACRO\TIMEFADE.IMC                     
C:\CN2\MACRO\OOSB.IMC                         
C:\CN2\MACRO\NEWLITE3.IMC                     
C:\CN2\MACRO\SBF.IMC                          
C:\CN2\MACRO\TIMEFADE.IMC                     
C:\CN2\MACRO\OOSB.IMC                         
C:\CN2\MACRO\NEWLITE6.IMC                     
C:\CN2\MACRO\SBF.IMC                          
C:\CN2\MACRO\TIMEFADE.IMC                     
C:\CN2\MACRO\OOSB.IMC                         
C:\CN2\MACRO\NEWLITE6.IMC                     
C:\CN2\MACRO\SBF.IMC                          
C:\CN2\MACRO\TIMEFADE.IMC                     
C:\CN2\MACRO\OOSB.IMC                         
C:\CN2\MACRO\NEWLITE3.IMC                     
C:\CN2\MACRO\CNESR.IMC                        
