C:\CN524\SMPL.EXE                             
C:\CN2\IR\SYSTEM.DEV                          
C:\CN2\IR\BARCO.DEV                           
C:\CURRENT\L1479\SMPL5\L1479A2.BIN            
C:\CURRENT\L1479\SMPL5\L1479A2.SIG            
C:\CURRENT\L1479\SMPL5\L1479A2.SMP            
C:\CURRENT\L1479\SMPL5\L1479A2.CN2            
C:\CURRENT\L1479\SMPL5\L1479A2.BK2            
C:\CURRENT\L1479\SMPL5\L1479A2.LOG            
C:\CN2\MACRO\PASSME.IMC                       
C:\CN2\MACRO\SBF.IMC                          
C:\CN2\MACRO\TIMEFADE.IMC                     
C:\CN2\MACRO\OOSB.IMC                         
C:\CN2\MACRO\NEWLITE3.IMC                     
C:\CN2\MACRO\SBF.IMC                          
C:\CN2\MACRO\TIMEFADE.IMC                     
C:\CN2\MACRO\OOSB.IMC                         
C:\CN2\MACRO\NEWLITE6.IMC                     
C:\CN2\MACRO\SBF.IMC                          
C:\CN2\MACRO\TIMEFADE.IMC                     
C:\CN2\MACRO\OOSB.IMC                         
C:\CN2\MACRO\NEWLITE3.IMC                     
C:\CN2\MACRO\TIMEFADE.IMC                     
C:\CN2\MACRO\OOSB.IMC                         
C:\CN2\MACRO\NEWLITE6.IMC                     
C:\CN2\MACRO\TIMEFADE.IMC                     
C:\CN2\MACRO\OOSB.IMC                         
C:\CN2\MACRO\NEWLITE6.IMC                     
C:\CN2\MACRO\CNESR.IMC                        
